skipping portfolio_assembling/06-threadownership-dfy-impl-module-doublereadmethod-run-stdin-1-none-811175-1828121878.json
skipping portfolio_assembling/06-threadownership-dfy-impl-module-doublereadmethod-run-stdin-1-none-811175-3112287219.json
skipping portfolio_assembling/06-threadownership-dfy-impl-module-doublereadmethod-run-stdin-1-none-811175-4274891554.json
skipping portfolio_assembling/06-threadownership-dfy-impl-module-doublereadmethod-run-stdin-1-none-811175-4236973435.json
skipping portfolio_assembling/06-threadownership-dfy-impl-module-doublereadmethod-run-stdin-1-none-811175-4249452364.json
skipping portfolio_assembling/06-threadownership-dfy-impl-module-doublereadmethod-run-stdin-1-none-811175-4161169865.json
skipping portfolio_assembling/06-threadownership-dfy-impl-module-doublereadmethod-run-stdin-1-none-811175-4190372862.json
skipping portfolio_assembling/06-threadownership-dfy-impl-module-doublereadmethod-run-stdin-1-none-811175-977192844.json
skipping portfolio_assembling/06-threadownership-dfy-impl-module-doublereadmethod-run-stdin-1-none-811175-265908403.json
skipping portfolio_assembling/06-threadownership-dfy-impl-module-doublereadmethod-run-stdin-1-none-811175-228577002.json
skipping portfolio_assembling/06-threadownership-dfy-impl-module-doublereadmethod-run-stdin-1-none-811175-207463645.json
skipping portfolio_assembling/06-threadownership-dfy-impl-module-doublereadmethod-run-stdin-1-none-811175-152220248.json
skipping portfolio_assembling/06-threadownership-dfy-impl-module-doublereadmethod-run-stdin-1-none-811175-147904623.json
skipping portfolio_assembling/06-threadownership-dfy-impl-module-doublereadmethod-run-stdin-1-none-811175-1228395602.json
skipping portfolio_assembling/06-threadownership-dfy-impl-module-doublereadmethod-run-stdin-1-none-811175-2497489653.json
skipping portfolio_assembling/06-threadownership-dfy-impl-module-doublereadmethod-run-stdin-1-none-811175-2526680236.json
skipping portfolio_assembling/06-threadownership-dfy-impl-module-doublereadmethod-run-stdin-1-none-811175-2539159195.json
skipping portfolio_assembling/06-threadownership-dfy-impl-module-doublereadmethod-run-stdin-1-none-811175-2451007518.json
skipping portfolio_assembling/06-threadownership-dfy-impl-module-doublereadmethod-run-stdin-1-none-811175-2480210473.json
skipping portfolio_assembling/06-threadownership-dfy-impl-module-doublereadmethod-run-stdin-1-none-811175-4066617312.json
skipping portfolio_assembling/06-threadownership-dfy-impl-module-doublereadmethod-run-stdin-1-none-811175-2334391581.json
skipping portfolio_assembling/06-threadownership-dfy-impl-module-doublereadmethod-run-stdin-1-none-811175-2305114948.json
skipping portfolio_assembling/06-threadownership-dfy-impl-module-doublereadmethod-run-stdin-1-none-811175-2292656499.json
skipping portfolio_assembling/06-threadownership-dfy-impl-module-doublereadmethod-run-stdin-1-none-811175-2380808182.json
skipping portfolio_assembling/06-threadownership-dfy-impl-module-doublereadmethod-run-stdin-1-none-811175-2351584705.json
0
0
0
0
0
skipping portfolio_assembling/07-counterthreadownership-dfy-impl-module-incrementermethod-runloopbody-stdin-1-none-286325-367429356.json
skipping portfolio_assembling/07-counterthreadownership-dfy-impl-module-incrementermethod-runloopbody-stdin-1-none-286325-1811891658.json
skipping portfolio_assembling/07-counterthreadownership-dfy-impl-module-incrementermethod-runloopbody-stdin-1-none-286325-1773796243.json
skipping portfolio_assembling/07-counterthreadownership-dfy-impl-module-incrementermethod-runloopbody-stdin-1-none-286325-1752928676.json
skipping portfolio_assembling/07-counterthreadownership-dfy-impl-module-incrementermethod-runloopbody-stdin-1-none-286325-1832159009.json
skipping portfolio_assembling/07-counterthreadownership-dfy-impl-module-incrementermethod-runloopbody-stdin-1-none-286325-1828121878.json
skipping portfolio_assembling/07-counterthreadownership-dfy-impl-module-incrementermethod-runloopbody-stdin-1-none-286325-3112287219.json
skipping portfolio_assembling/07-counterthreadownership-dfy-impl-module-incrementermethod-runloopbody-stdin-1-none-286325-4274891554.json
skipping portfolio_assembling/07-counterthreadownership-dfy-impl-module-incrementermethod-runloopbody-stdin-1-none-286325-4236973435.json
skipping portfolio_assembling/07-counterthreadownership-dfy-impl-module-incrementermethod-runloopbody-stdin-1-none-286325-4249452364.json

============================= JOB FEEDBACK =============================

NodeName=uc2n444
Job ID: 20648367
Cluster: uc2
User/Group: da1877/iti
State: COMPLETED (exit code 0)
Nodes: 1
Cores per node: 80
CPU Utilized: 00:00:12
CPU Efficiency: 0.38% of 00:53:20 core-walltime
Job Wall-clock time: 00:00:40
Memory Utilized: 284.38 MB
Memory Efficiency: 0.32% of 87.89 GB
