0
0
0
0
0
skipping portfolio_assembling/cost-verif-comp-2011-4-floydcycledetect-dfy-impl-module-node-analyzelist-stdin-1-none-522591-367429356.json
skipping portfolio_assembling/cost-verif-comp-2011-4-floydcycledetect-dfy-impl-module-node-analyzelist-stdin-1-none-522591-1811891658.json
skipping portfolio_assembling/cost-verif-comp-2011-4-floydcycledetect-dfy-impl-module-node-analyzelist-stdin-1-none-522591-1773796243.json
skipping portfolio_assembling/cost-verif-comp-2011-4-floydcycledetect-dfy-impl-module-node-analyzelist-stdin-1-none-522591-1752928676.json
skipping portfolio_assembling/cost-verif-comp-2011-4-floydcycledetect-dfy-impl-module-node-analyzelist-stdin-1-none-522591-1832159009.json
skipping portfolio_assembling/cost-verif-comp-2011-4-floydcycledetect-dfy-impl-module-node-analyzelist-stdin-1-none-522591-1828121878.json
skipping portfolio_assembling/cost-verif-comp-2011-4-floydcycledetect-dfy-impl-module-node-analyzelist-stdin-1-none-522591-3112287219.json
skipping portfolio_assembling/cost-verif-comp-2011-4-floydcycledetect-dfy-impl-module-node-analyzelist-stdin-1-none-522591-4274891554.json
skipping portfolio_assembling/cost-verif-comp-2011-4-floydcycledetect-dfy-impl-module-node-analyzelist-stdin-1-none-522591-4236973435.json
skipping portfolio_assembling/cost-verif-comp-2011-4-floydcycledetect-dfy-impl-module-node-analyzelist-stdin-1-none-522591-4249452364.json
skipping portfolio_assembling/cost-verif-comp-2011-4-floydcycledetect-dfy-impl-module-node-analyzelist-stdin-1-none-522591-4161169865.json
skipping portfolio_assembling/cost-verif-comp-2011-4-floydcycledetect-dfy-impl-module-node-analyzelist-stdin-1-none-522591-4190372862.json
skipping portfolio_assembling/cost-verif-comp-2011-4-floydcycledetect-dfy-impl-module-node-analyzelist-stdin-1-none-522591-977192844.json
skipping portfolio_assembling/cost-verif-comp-2011-4-floydcycledetect-dfy-impl-module-node-analyzelist-stdin-1-none-522591-265908403.json
skipping portfolio_assembling/cost-verif-comp-2011-4-floydcycledetect-dfy-impl-module-node-analyzelist-stdin-1-none-522591-228577002.json
skipping portfolio_assembling/cost-verif-comp-2011-4-floydcycledetect-dfy-impl-module-node-analyzelist-stdin-1-none-522591-207463645.json
skipping portfolio_assembling/cost-verif-comp-2011-4-floydcycledetect-dfy-impl-module-node-analyzelist-stdin-1-none-522591-152220248.json
skipping portfolio_assembling/cost-verif-comp-2011-4-floydcycledetect-dfy-impl-module-node-analyzelist-stdin-1-none-522591-147904623.json
skipping portfolio_assembling/cost-verif-comp-2011-4-floydcycledetect-dfy-impl-module-node-analyzelist-stdin-1-none-522591-1228395602.json
skipping portfolio_assembling/cost-verif-comp-2011-4-floydcycledetect-dfy-impl-module-node-analyzelist-stdin-1-none-522591-2497489653.json
skipping portfolio_assembling/cost-verif-comp-2011-4-floydcycledetect-dfy-impl-module-node-analyzelist-stdin-1-none-522591-2526680236.json
skipping portfolio_assembling/cost-verif-comp-2011-4-floydcycledetect-dfy-impl-module-node-analyzelist-stdin-1-none-522591-2539159195.json
skipping portfolio_assembling/cost-verif-comp-2011-4-floydcycledetect-dfy-impl-module-node-analyzelist-stdin-1-none-522591-2451007518.json
skipping portfolio_assembling/cost-verif-comp-2011-4-floydcycledetect-dfy-impl-module-node-analyzelist-stdin-1-none-522591-2480210473.json
skipping portfolio_assembling/cost-verif-comp-2011-4-floydcycledetect-dfy-impl-module-node-analyzelist-stdin-1-none-522591-4066617312.json
skipping portfolio_assembling/cost-verif-comp-2011-4-floydcycledetect-dfy-impl-module-node-analyzelist-stdin-1-none-522591-2334391581.json
skipping portfolio_assembling/cost-verif-comp-2011-4-floydcycledetect-dfy-impl-module-node-analyzelist-stdin-1-none-522591-2305114948.json
skipping portfolio_assembling/cost-verif-comp-2011-4-floydcycledetect-dfy-impl-module-node-analyzelist-stdin-1-none-522591-2292656499.json
skipping portfolio_assembling/cost-verif-comp-2011-4-floydcycledetect-dfy-impl-module-node-analyzelist-stdin-1-none-522591-2380808182.json
skipping portfolio_assembling/cost-verif-comp-2011-4-floydcycledetect-dfy-impl-module-node-analyzelist-stdin-1-none-522591-2351584705.json
0
0
0
0
0

============================= JOB FEEDBACK =============================

NodeName=uc2n445
Job ID: 20648470
Cluster: uc2
User/Group: da1877/iti
State: COMPLETED (exit code 0)
Nodes: 1
Cores per node: 80
CPU Utilized: 00:00:22
CPU Efficiency: 0.44% of 01:24:00 core-walltime
Job Wall-clock time: 00:01:03
Memory Utilized: 276.90 MB
Memory Efficiency: 0.31% of 87.89 GB
