0
0
0
0
0
skipping portfolio_assembling/b4-times-dfy-impl-module-map-add-stdin-1-none-752764-367429356.json
skipping portfolio_assembling/b4-times-dfy-impl-module-map-add-stdin-1-none-752764-1811891658.json
skipping portfolio_assembling/b4-times-dfy-impl-module-map-add-stdin-1-none-752764-1773796243.json
skipping portfolio_assembling/b4-times-dfy-impl-module-map-add-stdin-1-none-752764-1752928676.json
skipping portfolio_assembling/b4-times-dfy-impl-module-map-add-stdin-1-none-752764-1832159009.json
skipping portfolio_assembling/b4-times-dfy-impl-module-map-add-stdin-1-none-752764-1828121878.json
skipping portfolio_assembling/b4-times-dfy-impl-module-map-add-stdin-1-none-752764-3112287219.json
skipping portfolio_assembling/b4-times-dfy-impl-module-map-add-stdin-1-none-752764-4274891554.json
skipping portfolio_assembling/b4-times-dfy-impl-module-map-add-stdin-1-none-752764-4236973435.json
skipping portfolio_assembling/b4-times-dfy-impl-module-map-add-stdin-1-none-752764-4249452364.json
skipping portfolio_assembling/b4-times-dfy-impl-module-map-add-stdin-1-none-752764-4161169865.json
skipping portfolio_assembling/b4-times-dfy-impl-module-map-add-stdin-1-none-752764-4190372862.json
skipping portfolio_assembling/b4-times-dfy-impl-module-map-add-stdin-1-none-752764-977192844.json
skipping portfolio_assembling/b4-times-dfy-impl-module-map-add-stdin-1-none-752764-265908403.json
skipping portfolio_assembling/b4-times-dfy-impl-module-map-add-stdin-1-none-752764-228577002.json
skipping portfolio_assembling/b4-times-dfy-impl-module-map-add-stdin-1-none-752764-207463645.json
skipping portfolio_assembling/b4-times-dfy-impl-module-map-add-stdin-1-none-752764-152220248.json
skipping portfolio_assembling/b4-times-dfy-impl-module-map-add-stdin-1-none-752764-147904623.json
skipping portfolio_assembling/b4-times-dfy-impl-module-map-add-stdin-1-none-752764-1228395602.json
skipping portfolio_assembling/b4-times-dfy-impl-module-map-add-stdin-1-none-752764-2497489653.json
skipping portfolio_assembling/b4-times-dfy-impl-module-map-add-stdin-1-none-752764-2526680236.json
skipping portfolio_assembling/b4-times-dfy-impl-module-map-add-stdin-1-none-752764-2539159195.json
skipping portfolio_assembling/b4-times-dfy-impl-module-map-add-stdin-1-none-752764-2451007518.json
skipping portfolio_assembling/b4-times-dfy-impl-module-map-add-stdin-1-none-752764-2480210473.json
skipping portfolio_assembling/b4-times-dfy-impl-module-map-add-stdin-1-none-752764-4066617312.json
skipping portfolio_assembling/b4-times-dfy-impl-module-map-add-stdin-1-none-752764-2334391581.json
skipping portfolio_assembling/b4-times-dfy-impl-module-map-add-stdin-1-none-752764-2305114948.json
skipping portfolio_assembling/b4-times-dfy-impl-module-map-add-stdin-1-none-752764-2292656499.json
skipping portfolio_assembling/b4-times-dfy-impl-module-map-add-stdin-1-none-752764-2380808182.json
skipping portfolio_assembling/b4-times-dfy-impl-module-map-add-stdin-1-none-752764-2351584705.json
0
0
0
0
0

============================= JOB FEEDBACK =============================

NodeName=uc2n548
Job ID: 20648456
Cluster: uc2
User/Group: da1877/iti
State: COMPLETED (exit code 0)
Nodes: 1
Cores per node: 80
CPU Utilized: 00:00:06
CPU Efficiency: 0.14% of 01:12:00 core-walltime
Job Wall-clock time: 00:00:54
Memory Utilized: 10.09 MB
Memory Efficiency: 0.01% of 87.89 GB
