0
0
0
0
0
skipping portfolio_assembling/cost-verif-comp-2011-3-twoduplicates-dfy-impl-module-default-search-stdin-1-none-286325-367429356.json
skipping portfolio_assembling/cost-verif-comp-2011-3-twoduplicates-dfy-impl-module-default-search-stdin-1-none-286325-1811891658.json
skipping portfolio_assembling/cost-verif-comp-2011-3-twoduplicates-dfy-impl-module-default-search-stdin-1-none-286325-1773796243.json
skipping portfolio_assembling/cost-verif-comp-2011-3-twoduplicates-dfy-impl-module-default-search-stdin-1-none-286325-1752928676.json
skipping portfolio_assembling/cost-verif-comp-2011-3-twoduplicates-dfy-impl-module-default-search-stdin-1-none-286325-1832159009.json
skipping portfolio_assembling/cost-verif-comp-2011-3-twoduplicates-dfy-impl-module-default-search-stdin-1-none-286325-1828121878.json
skipping portfolio_assembling/cost-verif-comp-2011-3-twoduplicates-dfy-impl-module-default-search-stdin-1-none-286325-3112287219.json
skipping portfolio_assembling/cost-verif-comp-2011-3-twoduplicates-dfy-impl-module-default-search-stdin-1-none-286325-4274891554.json
skipping portfolio_assembling/cost-verif-comp-2011-3-twoduplicates-dfy-impl-module-default-search-stdin-1-none-286325-4236973435.json
skipping portfolio_assembling/cost-verif-comp-2011-3-twoduplicates-dfy-impl-module-default-search-stdin-1-none-286325-4249452364.json
skipping portfolio_assembling/cost-verif-comp-2011-3-twoduplicates-dfy-impl-module-default-search-stdin-1-none-286325-4161169865.json
skipping portfolio_assembling/cost-verif-comp-2011-3-twoduplicates-dfy-impl-module-default-search-stdin-1-none-286325-4190372862.json
skipping portfolio_assembling/cost-verif-comp-2011-3-twoduplicates-dfy-impl-module-default-search-stdin-1-none-286325-977192844.json
skipping portfolio_assembling/cost-verif-comp-2011-3-twoduplicates-dfy-impl-module-default-search-stdin-1-none-286325-265908403.json
skipping portfolio_assembling/cost-verif-comp-2011-3-twoduplicates-dfy-impl-module-default-search-stdin-1-none-286325-228577002.json
skipping portfolio_assembling/cost-verif-comp-2011-3-twoduplicates-dfy-impl-module-default-search-stdin-1-none-286325-207463645.json
skipping portfolio_assembling/cost-verif-comp-2011-3-twoduplicates-dfy-impl-module-default-search-stdin-1-none-286325-152220248.json
skipping portfolio_assembling/cost-verif-comp-2011-3-twoduplicates-dfy-impl-module-default-search-stdin-1-none-286325-147904623.json
skipping portfolio_assembling/cost-verif-comp-2011-3-twoduplicates-dfy-impl-module-default-search-stdin-1-none-286325-1228395602.json
skipping portfolio_assembling/cost-verif-comp-2011-3-twoduplicates-dfy-impl-module-default-search-stdin-1-none-286325-2497489653.json
skipping portfolio_assembling/cost-verif-comp-2011-3-twoduplicates-dfy-impl-module-default-search-stdin-1-none-286325-2526680236.json
skipping portfolio_assembling/cost-verif-comp-2011-3-twoduplicates-dfy-impl-module-default-search-stdin-1-none-286325-2539159195.json
skipping portfolio_assembling/cost-verif-comp-2011-3-twoduplicates-dfy-impl-module-default-search-stdin-1-none-286325-2451007518.json
skipping portfolio_assembling/cost-verif-comp-2011-3-twoduplicates-dfy-impl-module-default-search-stdin-1-none-286325-2480210473.json
skipping portfolio_assembling/cost-verif-comp-2011-3-twoduplicates-dfy-impl-module-default-search-stdin-1-none-286325-4066617312.json
skipping portfolio_assembling/cost-verif-comp-2011-3-twoduplicates-dfy-impl-module-default-search-stdin-1-none-286325-2334391581.json
skipping portfolio_assembling/cost-verif-comp-2011-3-twoduplicates-dfy-impl-module-default-search-stdin-1-none-286325-2305114948.json
skipping portfolio_assembling/cost-verif-comp-2011-3-twoduplicates-dfy-impl-module-default-search-stdin-1-none-286325-2292656499.json
skipping portfolio_assembling/cost-verif-comp-2011-3-twoduplicates-dfy-impl-module-default-search-stdin-1-none-286325-2380808182.json
skipping portfolio_assembling/cost-verif-comp-2011-3-twoduplicates-dfy-impl-module-default-search-stdin-1-none-286325-2351584705.json
0
0
0
0
0

============================= JOB FEEDBACK =============================

NodeName=uc2n541
Job ID: 20648547
Cluster: uc2
User/Group: da1877/iti
State: COMPLETED (exit code 0)
Nodes: 1
Cores per node: 80
CPU Utilized: 00:00:18
CPU Efficiency: 0.38% of 01:20:00 core-walltime
Job Wall-clock time: 00:01:00
Memory Utilized: 265.86 MB
Memory Efficiency: 0.30% of 87.89 GB
