skipping portfolio_assembling/cost-verif-comp-2011-3-twoduplicates-dfy-impl-module-default-search-stdin-1-none-842099-4161169865.json
skipping portfolio_assembling/cost-verif-comp-2011-3-twoduplicates-dfy-impl-module-default-search-stdin-1-none-842099-4190372862.json
skipping portfolio_assembling/cost-verif-comp-2011-3-twoduplicates-dfy-impl-module-default-search-stdin-1-none-842099-977192844.json
skipping portfolio_assembling/cost-verif-comp-2011-3-twoduplicates-dfy-impl-module-default-search-stdin-1-none-842099-265908403.json
skipping portfolio_assembling/cost-verif-comp-2011-3-twoduplicates-dfy-impl-module-default-search-stdin-1-none-842099-228577002.json
skipping portfolio_assembling/cost-verif-comp-2011-3-twoduplicates-dfy-impl-module-default-search-stdin-1-none-842099-207463645.json
skipping portfolio_assembling/cost-verif-comp-2011-3-twoduplicates-dfy-impl-module-default-search-stdin-1-none-842099-152220248.json
skipping portfolio_assembling/cost-verif-comp-2011-3-twoduplicates-dfy-impl-module-default-search-stdin-1-none-842099-147904623.json
skipping portfolio_assembling/cost-verif-comp-2011-3-twoduplicates-dfy-impl-module-default-search-stdin-1-none-842099-1228395602.json
skipping portfolio_assembling/cost-verif-comp-2011-3-twoduplicates-dfy-impl-module-default-search-stdin-1-none-842099-2497489653.json
skipping portfolio_assembling/cost-verif-comp-2011-3-twoduplicates-dfy-impl-module-default-search-stdin-1-none-842099-2526680236.json
skipping portfolio_assembling/cost-verif-comp-2011-3-twoduplicates-dfy-impl-module-default-search-stdin-1-none-842099-2539159195.json
skipping portfolio_assembling/cost-verif-comp-2011-3-twoduplicates-dfy-impl-module-default-search-stdin-1-none-842099-2451007518.json
skipping portfolio_assembling/cost-verif-comp-2011-3-twoduplicates-dfy-impl-module-default-search-stdin-1-none-842099-2480210473.json
skipping portfolio_assembling/cost-verif-comp-2011-3-twoduplicates-dfy-impl-module-default-search-stdin-1-none-842099-4066617312.json
skipping portfolio_assembling/cost-verif-comp-2011-3-twoduplicates-dfy-impl-module-default-search-stdin-1-none-842099-2334391581.json
skipping portfolio_assembling/cost-verif-comp-2011-3-twoduplicates-dfy-impl-module-default-search-stdin-1-none-842099-2305114948.json
skipping portfolio_assembling/cost-verif-comp-2011-3-twoduplicates-dfy-impl-module-default-search-stdin-1-none-842099-2292656499.json
skipping portfolio_assembling/cost-verif-comp-2011-3-twoduplicates-dfy-impl-module-default-search-stdin-1-none-842099-2380808182.json
skipping portfolio_assembling/cost-verif-comp-2011-3-twoduplicates-dfy-impl-module-default-search-stdin-1-none-842099-2351584705.json
0
0
0
0
0
skipping portfolio_assembling/cost-verif-comp-2011-3-twoduplicates-dfy-impl-module-default-search-stdin-1-none-811175-367429356.json
skipping portfolio_assembling/cost-verif-comp-2011-3-twoduplicates-dfy-impl-module-default-search-stdin-1-none-811175-1811891658.json
skipping portfolio_assembling/cost-verif-comp-2011-3-twoduplicates-dfy-impl-module-default-search-stdin-1-none-811175-1773796243.json
skipping portfolio_assembling/cost-verif-comp-2011-3-twoduplicates-dfy-impl-module-default-search-stdin-1-none-811175-1752928676.json
skipping portfolio_assembling/cost-verif-comp-2011-3-twoduplicates-dfy-impl-module-default-search-stdin-1-none-811175-1832159009.json
skipping portfolio_assembling/cost-verif-comp-2011-3-twoduplicates-dfy-impl-module-default-search-stdin-1-none-811175-1828121878.json
skipping portfolio_assembling/cost-verif-comp-2011-3-twoduplicates-dfy-impl-module-default-search-stdin-1-none-811175-3112287219.json
skipping portfolio_assembling/cost-verif-comp-2011-3-twoduplicates-dfy-impl-module-default-search-stdin-1-none-811175-4274891554.json
skipping portfolio_assembling/cost-verif-comp-2011-3-twoduplicates-dfy-impl-module-default-search-stdin-1-none-811175-4236973435.json
skipping portfolio_assembling/cost-verif-comp-2011-3-twoduplicates-dfy-impl-module-default-search-stdin-1-none-811175-4249452364.json
skipping portfolio_assembling/cost-verif-comp-2011-3-twoduplicates-dfy-impl-module-default-search-stdin-1-none-811175-4161169865.json
skipping portfolio_assembling/cost-verif-comp-2011-3-twoduplicates-dfy-impl-module-default-search-stdin-1-none-811175-4190372862.json
skipping portfolio_assembling/cost-verif-comp-2011-3-twoduplicates-dfy-impl-module-default-search-stdin-1-none-811175-977192844.json
skipping portfolio_assembling/cost-verif-comp-2011-3-twoduplicates-dfy-impl-module-default-search-stdin-1-none-811175-265908403.json
skipping portfolio_assembling/cost-verif-comp-2011-3-twoduplicates-dfy-impl-module-default-search-stdin-1-none-811175-228577002.json

============================= JOB FEEDBACK =============================

NodeName=uc2n544
Job ID: 20648550
Cluster: uc2
User/Group: da1877/iti
State: COMPLETED (exit code 0)
Nodes: 1
Cores per node: 80
CPU Utilized: 00:00:10
CPU Efficiency: 0.26% of 01:04:00 core-walltime
Job Wall-clock time: 00:00:48
Memory Utilized: 271.94 MB
Memory Efficiency: 0.30% of 87.89 GB
