0
0
0
0
0
skipping portfolio_assembling/minwindowmax-dfy-impl-module-default-minimumwindowmax-stdin-1-none-842099-367429356.json
skipping portfolio_assembling/minwindowmax-dfy-impl-module-default-minimumwindowmax-stdin-1-none-842099-1811891658.json
skipping portfolio_assembling/minwindowmax-dfy-impl-module-default-minimumwindowmax-stdin-1-none-842099-1773796243.json
skipping portfolio_assembling/minwindowmax-dfy-impl-module-default-minimumwindowmax-stdin-1-none-842099-1752928676.json
skipping portfolio_assembling/minwindowmax-dfy-impl-module-default-minimumwindowmax-stdin-1-none-842099-1832159009.json
skipping portfolio_assembling/minwindowmax-dfy-impl-module-default-minimumwindowmax-stdin-1-none-842099-1828121878.json
skipping portfolio_assembling/minwindowmax-dfy-impl-module-default-minimumwindowmax-stdin-1-none-842099-3112287219.json
skipping portfolio_assembling/minwindowmax-dfy-impl-module-default-minimumwindowmax-stdin-1-none-842099-4274891554.json
skipping portfolio_assembling/minwindowmax-dfy-impl-module-default-minimumwindowmax-stdin-1-none-842099-4236973435.json
skipping portfolio_assembling/minwindowmax-dfy-impl-module-default-minimumwindowmax-stdin-1-none-842099-4249452364.json
skipping portfolio_assembling/minwindowmax-dfy-impl-module-default-minimumwindowmax-stdin-1-none-842099-4161169865.json
skipping portfolio_assembling/minwindowmax-dfy-impl-module-default-minimumwindowmax-stdin-1-none-842099-4190372862.json
skipping portfolio_assembling/minwindowmax-dfy-impl-module-default-minimumwindowmax-stdin-1-none-842099-977192844.json
skipping portfolio_assembling/minwindowmax-dfy-impl-module-default-minimumwindowmax-stdin-1-none-842099-265908403.json
skipping portfolio_assembling/minwindowmax-dfy-impl-module-default-minimumwindowmax-stdin-1-none-842099-228577002.json
skipping portfolio_assembling/minwindowmax-dfy-impl-module-default-minimumwindowmax-stdin-1-none-842099-207463645.json
skipping portfolio_assembling/minwindowmax-dfy-impl-module-default-minimumwindowmax-stdin-1-none-842099-152220248.json
skipping portfolio_assembling/minwindowmax-dfy-impl-module-default-minimumwindowmax-stdin-1-none-842099-147904623.json
skipping portfolio_assembling/minwindowmax-dfy-impl-module-default-minimumwindowmax-stdin-1-none-842099-1228395602.json
skipping portfolio_assembling/minwindowmax-dfy-impl-module-default-minimumwindowmax-stdin-1-none-842099-2497489653.json
skipping portfolio_assembling/minwindowmax-dfy-impl-module-default-minimumwindowmax-stdin-1-none-842099-2526680236.json
skipping portfolio_assembling/minwindowmax-dfy-impl-module-default-minimumwindowmax-stdin-1-none-842099-2539159195.json
skipping portfolio_assembling/minwindowmax-dfy-impl-module-default-minimumwindowmax-stdin-1-none-842099-2451007518.json
skipping portfolio_assembling/minwindowmax-dfy-impl-module-default-minimumwindowmax-stdin-1-none-842099-2480210473.json
skipping portfolio_assembling/minwindowmax-dfy-impl-module-default-minimumwindowmax-stdin-1-none-842099-4066617312.json
skipping portfolio_assembling/minwindowmax-dfy-impl-module-default-minimumwindowmax-stdin-1-none-842099-2334391581.json
skipping portfolio_assembling/minwindowmax-dfy-impl-module-default-minimumwindowmax-stdin-1-none-842099-2305114948.json
skipping portfolio_assembling/minwindowmax-dfy-impl-module-default-minimumwindowmax-stdin-1-none-842099-2292656499.json
skipping portfolio_assembling/minwindowmax-dfy-impl-module-default-minimumwindowmax-stdin-1-none-842099-2380808182.json
skipping portfolio_assembling/minwindowmax-dfy-impl-module-default-minimumwindowmax-stdin-1-none-842099-2351584705.json
0
0
0
0
0

============================= JOB FEEDBACK =============================

NodeName=uc2n402
Job ID: 20648519
Cluster: uc2
User/Group: da1877/iti
State: COMPLETED (exit code 0)
Nodes: 1
Cores per node: 80
CPU Utilized: 00:00:21
CPU Efficiency: 0.43% of 01:21:20 core-walltime
Job Wall-clock time: 00:01:01
Memory Utilized: 245.09 MB
Memory Efficiency: 0.27% of 87.89 GB
