Traceback (most recent call last):
  File "/dafnyportfolio/src/solve.py", line 50, in <module>
    portfolio = Portfolio(args.dafny_file, args.procedure_name, args.num_instances, instances, chosen_option_selector,
  File "/dafnyportfolio/src/Portfolio.py", line 15, in __init__
    dynamic_args = self.select_dynamic_args(num_instances)
  File "/dafnyportfolio/src/Portfolio.py", line 27, in select_dynamic_args
    return self.option_selector.create_arguments(num_processes)
  File "/dafnyportfolio/src/diversification/CustomOptionsOptionSelector.py", line 15, in create_arguments
    raise RuntimeError("Stated number of calls and number of provided argument lists do not match")
RuntimeError: Stated number of calls and number of provided argument lists do not match
slurmstepd: error: *** JOB 20697030 ON uc2n550 CANCELLED AT 2022-05-09T02:21:08 DUE TO TIME LIMIT ***

============================= JOB FEEDBACK =============================

NodeName=uc2n550
Job ID: 20697030
Cluster: uc2
User/Group: da1877/iti
State: TIMEOUT (exit code 0)
Nodes: 1
Cores per node: 80
CPU Utilized: 00:11:32
CPU Efficiency: 0.62% of 1-06:54:40 core-walltime
Job Wall-clock time: 00:23:11
Memory Utilized: 935.04 MB
Memory Efficiency: 1.04% of 87.89 GB
