skipping portfolio_assembling/12-mutexlifetime-long-dfy-impl-module-default-acquire-stdin-1-none-752764-1828121878.json
skipping portfolio_assembling/12-mutexlifetime-long-dfy-impl-module-default-acquire-stdin-1-none-752764-3112287219.json
skipping portfolio_assembling/12-mutexlifetime-long-dfy-impl-module-default-acquire-stdin-1-none-752764-4274891554.json
skipping portfolio_assembling/12-mutexlifetime-long-dfy-impl-module-default-acquire-stdin-1-none-752764-4236973435.json
skipping portfolio_assembling/12-mutexlifetime-long-dfy-impl-module-default-acquire-stdin-1-none-752764-4249452364.json
skipping portfolio_assembling/12-mutexlifetime-long-dfy-impl-module-default-acquire-stdin-1-none-752764-4161169865.json
skipping portfolio_assembling/12-mutexlifetime-long-dfy-impl-module-default-acquire-stdin-1-none-752764-4190372862.json
skipping portfolio_assembling/12-mutexlifetime-long-dfy-impl-module-default-acquire-stdin-1-none-752764-977192844.json
skipping portfolio_assembling/12-mutexlifetime-long-dfy-impl-module-default-acquire-stdin-1-none-752764-265908403.json
skipping portfolio_assembling/12-mutexlifetime-long-dfy-impl-module-default-acquire-stdin-1-none-752764-228577002.json
skipping portfolio_assembling/12-mutexlifetime-long-dfy-impl-module-default-acquire-stdin-1-none-752764-207463645.json
skipping portfolio_assembling/12-mutexlifetime-long-dfy-impl-module-default-acquire-stdin-1-none-752764-152220248.json
skipping portfolio_assembling/12-mutexlifetime-long-dfy-impl-module-default-acquire-stdin-1-none-752764-147904623.json
skipping portfolio_assembling/12-mutexlifetime-long-dfy-impl-module-default-acquire-stdin-1-none-752764-1228395602.json
skipping portfolio_assembling/12-mutexlifetime-long-dfy-impl-module-default-acquire-stdin-1-none-752764-2497489653.json
skipping portfolio_assembling/12-mutexlifetime-long-dfy-impl-module-default-acquire-stdin-1-none-752764-2526680236.json
skipping portfolio_assembling/12-mutexlifetime-long-dfy-impl-module-default-acquire-stdin-1-none-752764-2539159195.json
skipping portfolio_assembling/12-mutexlifetime-long-dfy-impl-module-default-acquire-stdin-1-none-752764-2451007518.json
skipping portfolio_assembling/12-mutexlifetime-long-dfy-impl-module-default-acquire-stdin-1-none-752764-2480210473.json
skipping portfolio_assembling/12-mutexlifetime-long-dfy-impl-module-default-acquire-stdin-1-none-752764-4066617312.json
skipping portfolio_assembling/12-mutexlifetime-long-dfy-impl-module-default-acquire-stdin-1-none-752764-2334391581.json
skipping portfolio_assembling/12-mutexlifetime-long-dfy-impl-module-default-acquire-stdin-1-none-752764-2305114948.json
skipping portfolio_assembling/12-mutexlifetime-long-dfy-impl-module-default-acquire-stdin-1-none-752764-2292656499.json
skipping portfolio_assembling/12-mutexlifetime-long-dfy-impl-module-default-acquire-stdin-1-none-752764-2380808182.json
skipping portfolio_assembling/12-mutexlifetime-long-dfy-impl-module-default-acquire-stdin-1-none-752764-2351584705.json
0
0
0
0
0
skipping portfolio_assembling/12-mutexlifetime-long-dfy-impl-module-default-acquire-stdin-1-none-522591-367429356.json
skipping portfolio_assembling/12-mutexlifetime-long-dfy-impl-module-default-acquire-stdin-1-none-522591-1811891658.json
skipping portfolio_assembling/12-mutexlifetime-long-dfy-impl-module-default-acquire-stdin-1-none-522591-1773796243.json
skipping portfolio_assembling/12-mutexlifetime-long-dfy-impl-module-default-acquire-stdin-1-none-522591-1752928676.json
skipping portfolio_assembling/12-mutexlifetime-long-dfy-impl-module-default-acquire-stdin-1-none-522591-1832159009.json
skipping portfolio_assembling/12-mutexlifetime-long-dfy-impl-module-default-acquire-stdin-1-none-522591-1828121878.json
skipping portfolio_assembling/12-mutexlifetime-long-dfy-impl-module-default-acquire-stdin-1-none-522591-3112287219.json
skipping portfolio_assembling/12-mutexlifetime-long-dfy-impl-module-default-acquire-stdin-1-none-522591-4274891554.json
skipping portfolio_assembling/12-mutexlifetime-long-dfy-impl-module-default-acquire-stdin-1-none-522591-4236973435.json
skipping portfolio_assembling/12-mutexlifetime-long-dfy-impl-module-default-acquire-stdin-1-none-522591-4249452364.json

============================= JOB FEEDBACK =============================

NodeName=uc2n540
Job ID: 20648395
Cluster: uc2
User/Group: da1877/iti
State: COMPLETED (exit code 0)
Nodes: 1
Cores per node: 80
CPU Utilized: 00:00:17
CPU Efficiency: 0.46% of 01:01:20 core-walltime
Job Wall-clock time: 00:00:46
Memory Utilized: 266.22 MB
Memory Efficiency: 0.30% of 87.89 GB
