slurmstepd: error: *** JOB 20542796 ON uc2n558 CANCELLED AT 2022-03-19T20:57:45 DUE TO TIME LIMIT ***

============================= JOB FEEDBACK =============================

NodeName=uc2n558
Job ID: 20542796
Cluster: uc2
User/Group: da1877/iti
State: TIMEOUT (exit code 0)
Nodes: 1
Cores per node: 80
CPU Utilized: 00:00:00
CPU Efficiency: 0.00% of 02:49:20 core-walltime
Job Wall-clock time: 00:02:07
Memory Utilized: 468.06 MB
Memory Efficiency: 0.52% of 87.89 GB

============================= JOB FEEDBACK =============================

NodeName=uc2n404
Job ID: 20544903
Cluster: uc2
User/Group: da1877/iti
State: TIMEOUT (exit code 0)
Nodes: 1
Cores per node: 80
CPU Utilized: 00:00:00
CPU Efficiency: 0.00% of 03:05:20 core-walltime
Job Wall-clock time: 00:02:19
Memory Utilized: 470.27 MB
Memory Efficiency: 0.52% of 87.89 GB
