slurmstepd: error: *** JOB 20542802 ON uc2n464 CANCELLED AT 2022-03-19T20:59:16 DUE TO TIME LIMIT ***

============================= JOB FEEDBACK =============================

NodeName=uc2n464
Job ID: 20542802
Cluster: uc2
User/Group: da1877/iti
State: TIMEOUT (exit code 0)
Nodes: 1
Cores per node: 80
CPU Utilized: 00:00:00
CPU Efficiency: 0.00% of 02:45:20 core-walltime
Job Wall-clock time: 00:02:04
Memory Utilized: 469.91 MB
Memory Efficiency: 0.52% of 87.89 GB

============================= JOB FEEDBACK =============================

NodeName=uc2n454
Job ID: 20544910
Cluster: uc2
User/Group: da1877/iti
State: TIMEOUT (exit code 0)
Nodes: 1
Cores per node: 80
CPU Utilized: 00:00:00
CPU Efficiency: 0.00% of 03:05:20 core-walltime
Job Wall-clock time: 00:02:19
Memory Utilized: 472.92 MB
Memory Efficiency: 0.53% of 87.89 GB
