Traceback (most recent call last):
  File "/dafnyportfolio/src/solve.py", line 51, in <module>
    portfolio = Portfolio(args.dafny_file, args.procedure_name, args.num_instances, instances, chosen_option_selector,
  File "/dafnyportfolio/src/Portfolio.py", line 18, in __init__
    dynamic_args = self.select_dynamic_args(num_instances)
  File "/dafnyportfolio/src/Portfolio.py", line 30, in select_dynamic_args
    return self.option_selector.create_arguments(num_processes)
  File "/dafnyportfolio/src/diversification/CustomOptionsOptionSelector.py", line 15, in create_arguments
    raise RuntimeError("Stated number of calls and number of provided argument lists do not match")
RuntimeError: Stated number of calls and number of provided argument lists do not match

============================= JOB FEEDBACK =============================

NodeName=uc2n539
Job ID: 20711243
Cluster: uc2
User/Group: da1877/iti
State: COMPLETED (exit code 0)
Nodes: 1
Cores per node: 80
CPU Utilized: 00:29:27
CPU Efficiency: 1.23% of 1-16:04:00 core-walltime
Job Wall-clock time: 00:30:03
Memory Utilized: 541.70 MB
Memory Efficiency: 0.60% of 87.89 GB
