Traceback (most recent call last):
  File "/dafnyportfolio/src/solve.py", line 51, in <module>
    portfolio = Portfolio(args.dafny_file, args.procedure_name, args.num_instances, instances, chosen_option_selector,
  File "/dafnyportfolio/src/Portfolio.py", line 18, in __init__
    dynamic_args = self.select_dynamic_args(num_instances)
  File "/dafnyportfolio/src/Portfolio.py", line 30, in select_dynamic_args
    return self.option_selector.create_arguments(num_processes)
  File "/dafnyportfolio/src/diversification/CustomOptionsOptionSelector.py", line 15, in create_arguments
    raise RuntimeError("Stated number of calls and number of provided argument lists do not match")
RuntimeError: Stated number of calls and number of provided argument lists do not match
Traceback (most recent call last):
  File "/dafnyportfolio/src/solve.py", line 51, in <module>
    portfolio = Portfolio(args.dafny_file, args.procedure_name, args.num_instances, instances, chosen_option_selector,
  File "/dafnyportfolio/src/Portfolio.py", line 18, in __init__
    dynamic_args = self.select_dynamic_args(num_instances)
  File "/dafnyportfolio/src/Portfolio.py", line 30, in select_dynamic_args
    return self.option_selector.create_arguments(num_processes)
  File "/dafnyportfolio/src/diversification/CustomOptionsOptionSelector.py", line 15, in create_arguments
    raise RuntimeError("Stated number of calls and number of provided argument lists do not match")
RuntimeError: Stated number of calls and number of provided argument lists do not match
Traceback (most recent call last):
  File "/dafnyportfolio/src/solve.py", line 51, in <module>
    portfolio = Portfolio(args.dafny_file, args.procedure_name, args.num_instances, instances, chosen_option_selector,
  File "/dafnyportfolio/src/Portfolio.py", line 18, in __init__
    dynamic_args = self.select_dynamic_args(num_instances)
  File "/dafnyportfolio/src/Portfolio.py", line 30, in select_dynamic_args
    return self.option_selector.create_arguments(num_processes)
  File "/dafnyportfolio/src/diversification/CustomOptionsOptionSelector.py", line 15, in create_arguments
    raise RuntimeError("Stated number of calls and number of provided argument lists do not match")
RuntimeError: Stated number of calls and number of provided argument lists do not match
Traceback (most recent call last):
  File "/dafnyportfolio/src/solve.py", line 51, in <module>
    portfolio = Portfolio(args.dafny_file, args.procedure_name, args.num_instances, instances, chosen_option_selector,
  File "/dafnyportfolio/src/Portfolio.py", line 18, in __init__
    dynamic_args = self.select_dynamic_args(num_instances)
  File "/dafnyportfolio/src/Portfolio.py", line 30, in select_dynamic_args
    return self.option_selector.create_arguments(num_processes)
  File "/dafnyportfolio/src/diversification/CustomOptionsOptionSelector.py", line 15, in create_arguments
    raise RuntimeError("Stated number of calls and number of provided argument lists do not match")
RuntimeError: Stated number of calls and number of provided argument lists do not match
Traceback (most recent call last):
  File "/dafnyportfolio/src/solve.py", line 51, in <module>
    portfolio = Portfolio(args.dafny_file, args.procedure_name, args.num_instances, instances, chosen_option_selector,
  File "/dafnyportfolio/src/Portfolio.py", line 18, in __init__
    dynamic_args = self.select_dynamic_args(num_instances)
  File "/dafnyportfolio/src/Portfolio.py", line 30, in select_dynamic_args
    return self.option_selector.create_arguments(num_processes)
  File "/dafnyportfolio/src/diversification/CustomOptionsOptionSelector.py", line 15, in create_arguments
    raise RuntimeError("Stated number of calls and number of provided argument lists do not match")
RuntimeError: Stated number of calls and number of provided argument lists do not match

============================= JOB FEEDBACK =============================

NodeName=uc2n412
Job ID: 20714427
Cluster: uc2
User/Group: da1877/iti
State: FAILED (exit code 1)
Nodes: 1
Cores per node: 80
CPU Utilized: 00:00:04
CPU Efficiency: 0.01% of 13:54:40 core-walltime
Job Wall-clock time: 00:10:26
Memory Utilized: 1.27 GB
Memory Efficiency: 1.45% of 87.89 GB
