Traceback (most recent call last):
  File "/dafnyportfolio/src/solve.py", line 51, in <module>
    portfolio = Portfolio(args.dafny_file, args.procedure_name, args.num_instances, instances, chosen_option_selector,
  File "/dafnyportfolio/src/Portfolio.py", line 18, in __init__
    dynamic_args = self.select_dynamic_args(num_instances)
  File "/dafnyportfolio/src/Portfolio.py", line 30, in select_dynamic_args
    return self.option_selector.create_arguments(num_processes)
  File "/dafnyportfolio/src/diversification/CustomOptionsOptionSelector.py", line 15, in create_arguments
    raise RuntimeError("Stated number of calls and number of provided argument lists do not match")
RuntimeError: Stated number of calls and number of provided argument lists do not match

============================= JOB FEEDBACK =============================

NodeName=uc2n526
Job ID: 20711239
Cluster: uc2
User/Group: da1877/iti
State: COMPLETED (exit code 0)
Nodes: 1
Cores per node: 80
CPU Utilized: 02:28:33
CPU Efficiency: 1.24% of 8-07:24:00 core-walltime
Job Wall-clock time: 02:29:33
Memory Utilized: 2.08 GB
Memory Efficiency: 2.37% of 87.89 GB
