Traceback (most recent call last):
  File "/dafnyportfolio/src/solve.py", line 50, in <module>
    portfolio = Portfolio(args.dafny_file, args.procedure_name, args.num_instances, instances, chosen_option_selector,
  File "/dafnyportfolio/src/Portfolio.py", line 15, in __init__
    dynamic_args = self.select_dynamic_args(num_instances)
  File "/dafnyportfolio/src/Portfolio.py", line 27, in select_dynamic_args
    return self.option_selector.create_arguments(num_processes)
  File "/dafnyportfolio/src/diversification/CustomOptionsOptionSelector.py", line 15, in create_arguments
    raise RuntimeError("Stated number of calls and number of provided argument lists do not match")
RuntimeError: Stated number of calls and number of provided argument lists do not match
slurmstepd: error: *** JOB 20696978 ON uc2n392 CANCELLED AT 2022-05-09T02:36:38 DUE TO TIME LIMIT ***

============================= JOB FEEDBACK =============================

NodeName=uc2n392
Job ID: 20696978
Cluster: uc2
User/Group: da1877/iti
State: TIMEOUT (exit code 0)
Nodes: 1
Cores per node: 80
CPU Utilized: 00:19:21
CPU Efficiency: 0.57% of 2-08:06:40 core-walltime
Job Wall-clock time: 00:42:05
Memory Utilized: 3.61 GB
Memory Efficiency: 4.10% of 87.89 GB
