Traceback (most recent call last):
  File "/dafnyportfolio/src/solve.py", line 50, in <module>
    portfolio = Portfolio(args.dafny_file, args.procedure_name, args.num_instances, instances, chosen_option_selector,
  File "/dafnyportfolio/src/Portfolio.py", line 15, in __init__
    dynamic_args = self.select_dynamic_args(num_instances)
  File "/dafnyportfolio/src/Portfolio.py", line 27, in select_dynamic_args
    return self.option_selector.create_arguments(num_processes)
  File "/dafnyportfolio/src/diversification/CustomOptionsOptionSelector.py", line 15, in create_arguments
    raise RuntimeError("Stated number of calls and number of provided argument lists do not match")
RuntimeError: Stated number of calls and number of provided argument lists do not match
slurmstepd: error: *** JOB 20697033 ON uc2n423 CANCELLED AT 2022-05-09T02:22:38 DUE TO TIME LIMIT ***

============================= JOB FEEDBACK =============================

NodeName=uc2n423
Job ID: 20697033
Cluster: uc2
User/Group: da1877/iti
State: TIMEOUT (exit code 0)
Nodes: 1
Cores per node: 80
CPU Utilized: 00:11:23
CPU Efficiency: 0.61% of 1-07:01:20 core-walltime
Job Wall-clock time: 00:23:16
Memory Utilized: 935.69 MB
Memory Efficiency: 1.04% of 87.89 GB
